<?xml version="1.0" encoding="UTF-8"?>
<!-- Generated by org.testng.reporters.JUnitXMLReporter -->
<testsuite ignored="2" hostname="LAPTOP-2D0MJJ4C" failures="0" tests="1" name="Default test" time="8.811" errors="0" timestamp="2023-08-07T15:10:16 IST">
  <testcase classname="com.playwrite.opencart.HomePageTest" name="TC_003" time="3.032"/>
  <testcase classname="com.playwrite.opencart.HomePageTest" name="TC_004" time="0.0">
    <ignored/>
  </testcase> <!-- TC_004 -->
  <testcase classname="com.playwrite.opencart.HomePageTest" name="TC_005" time="0.0">
    <ignored/>
  </testcase> <!-- TC_005 -->
</testsuite> <!-- Default test -->
