<?xml version="1.0" encoding="UTF-8"?>
<!-- Generated by org.testng.reporters.JUnitXMLReporter -->
<testsuite ignored="0" hostname="LAPTOP-2D0MJJ4C" failures="0" tests="5" name="Test" time="13.121" errors="0" timestamp="2023-08-07T15:14:20 IST">
  <testcase classname="com.playwrite.opencart.HomePageTest" name="TC_003" time="3.091"/>
  <testcase classname="com.playwrite.opencart.HomePageTest" name="TC_004" time="0.55"/>
  <testcase classname="com.playwrite.opencart.HomePageTest" name="TC_005" time="1.183"/>
  <testcase classname="com.playwrite.opencart.HomePageTest" name="TC_005" time="1.08"/>
  <testcase classname="com.playwrite.opencart.HomePageTest" name="TC_005" time="1.096"/>
</testsuite> <!-- Test -->
