<?xml version="1.0" encoding="UTF-8"?>
<testng-results ignored="8" total="20" passed="10" failed="2" skipped="0">
  <reporter-output>
  </reporter-output>
  <suite started-at="2023-08-29T13:56:12 IST" name="Suite" finished-at="2023-08-29T13:59:28 IST" duration-ms="195866">
    <groups>
    </groups>
    <test started-at="2023-08-29T13:56:12 IST" name="Test" finished-at="2023-08-29T13:59:28 IST" duration-ms="195866">
      <class name="com.playwright.olympia.Webtables">
        <test-method signature="TC010()[pri:0, instance:com.playwright.olympia.Webtables@47caedad]" started-at="2023-08-29T13:59:04 IST" name="TC010" finished-at="2023-08-29T13:59:06 IST" duration-ms="2307" status="PASS">
          <reporter-output>
          </reporter-output>
        </test-method> <!-- TC010 -->
      </class> <!-- com.playwright.olympia.Webtables -->
      <class name="com.playwright.olympia.MenuCheck">
        <test-method signature="TC018()[pri:0, instance:com.playwright.olympia.MenuCheck@5340477f]" started-at="2023-08-29T13:59:01 IST" name="TC018" finished-at="2023-08-29T13:59:04 IST" duration-ms="2823" status="PASS">
          <reporter-output>
          </reporter-output>
        </test-method> <!-- TC018 -->
      </class> <!-- com.playwright.olympia.MenuCheck -->
      <class name="com.playwright.olympia.ProductCreation">
        <test-method signature="TC017()[pri:0, instance:com.playwright.olympia.ProductCreation@7139992f]" started-at="2023-08-29T13:59:06 IST" name="TC017" finished-at="2023-08-29T13:59:21 IST" duration-ms="15411" status="PASS">
          <reporter-output>
          </reporter-output>
        </test-method> <!-- TC017 -->
      </class> <!-- com.playwright.olympia.ProductCreation -->
      <class name="com.playwright.olympia.ListSelection">
        <test-method signature="TC011()[pri:0, instance:com.playwright.olympia.ListSelection@2657d4dd]" started-at="2023-08-29T13:58:23 IST" name="TC011" finished-at="2023-08-29T13:58:40 IST" duration-ms="16964" status="PASS">
          <reporter-output>
          </reporter-output>
        </test-method> <!-- TC011 -->
        <test-method signature="TC012()[pri:0, instance:com.playwright.olympia.ListSelection@2657d4dd]" started-at="2023-08-29T13:58:40 IST" name="TC012" finished-at="2023-08-29T13:58:53 IST" duration-ms="12847" status="PASS">
          <reporter-output>
          </reporter-output>
        </test-method> <!-- TC012 -->
        <test-method signature="TC013()[pri:0, instance:com.playwright.olympia.ListSelection@2657d4dd]" started-at="2023-08-29T13:58:53 IST" name="TC013" finished-at="2023-08-29T13:58:55 IST" duration-ms="1895" status="PASS">
          <reporter-output>
          </reporter-output>
        </test-method> <!-- TC013 -->
        <test-method signature="TC014()[pri:0, instance:com.playwright.olympia.ListSelection@2657d4dd]" started-at="2023-08-29T13:58:55 IST" name="TC014" finished-at="2023-08-29T13:58:58 IST" duration-ms="2651" status="PASS">
          <reporter-output>
          </reporter-output>
        </test-method> <!-- TC014 -->
        <test-method signature="TC015()[pri:0, instance:com.playwright.olympia.ListSelection@2657d4dd]" started-at="2023-08-29T13:58:58 IST" name="TC015" finished-at="2023-08-29T13:59:01 IST" duration-ms="3010" status="PASS">
          <reporter-output>
          </reporter-output>
        </test-method> <!-- TC015 -->
      </class> <!-- com.playwright.olympia.ListSelection -->
      <class name="com.playwright.olympia.FileandBarCheck">
        <test-method is-config="true" signature="initializeTest()[pri:0, instance:com.playwright.olympia.FileandBarCheck@210ab13f]" started-at="2023-08-29T13:56:12 IST" name="initializeTest" finished-at="2023-08-29T13:56:26 IST" duration-ms="14102" status="PASS">
          <reporter-output>
          </reporter-output>
        </test-method> <!-- initializeTest -->
        <test-method signature="TC019()[pri:0, instance:com.playwright.olympia.FileandBarCheck@210ab13f]" started-at="2023-08-29T13:56:26 IST" name="TC019" finished-at="2023-08-29T13:57:04 IST" duration-ms="37876" status="FAIL">
          <exception class="com.microsoft.playwright.TimeoutError">
            <message>
              <![CDATA[Error {
  message='Timeout 30000ms exceeded.
=========================== logs ===========================
navigating to "https://www.primefaces.org/olympia-ng/#/uikit/table", waiting until "load"
============================================================
  name='TimeoutError
  stack='TimeoutError: Timeout 30000ms exceeded.
=========================== logs ===========================
navigating to "https://www.primefaces.org/olympia-ng/#/uikit/table", waiting until "load"
============================================================
    at ProgressController.run (C:\Users\soura\AppData\Local\Temp\playwright-java-7961012466287836269\package\lib\server\progress.js:88:26)
    at Frame.goto (C:\Users\soura\AppData\Local\Temp\playwright-java-7961012466287836269\package\lib\server\frames.js:521:23)
    at FrameDispatcher.goto (C:\Users\soura\AppData\Local\Temp\playwright-java-7961012466287836269\package\lib\server\dispatchers\frameDispatcher.js:75:121)
    at DispatcherConnection.dispatch (C:\Users\soura\AppData\Local\Temp\playwright-java-7961012466287836269\package\lib\server\dispatchers\dispatcher.js:312:46)
}]]>
            </message>
            <full-stacktrace>
              <![CDATA[com.microsoft.playwright.TimeoutError: Error {
  message='Timeout 30000ms exceeded.
=========================== logs ===========================
navigating to "https://www.primefaces.org/olympia-ng/#/uikit/table", waiting until "load"
============================================================
  name='TimeoutError
  stack='TimeoutError: Timeout 30000ms exceeded.
=========================== logs ===========================
navigating to "https://www.primefaces.org/olympia-ng/#/uikit/table", waiting until "load"
============================================================
    at ProgressController.run (C:\Users\soura\AppData\Local\Temp\playwright-java-7961012466287836269\package\lib\server\progress.js:88:26)
    at Frame.goto (C:\Users\soura\AppData\Local\Temp\playwright-java-7961012466287836269\package\lib\server\frames.js:521:23)
    at FrameDispatcher.goto (C:\Users\soura\AppData\Local\Temp\playwright-java-7961012466287836269\package\lib\server\dispatchers\frameDispatcher.js:75:121)
    at DispatcherConnection.dispatch (C:\Users\soura\AppData\Local\Temp\playwright-java-7961012466287836269\package\lib\server\dispatchers\dispatcher.js:312:46)
}
at com.microsoft.playwright.impl.WaitableResult.get(WaitableResult.java:52)
at com.microsoft.playwright.impl.ChannelOwner.runUntil(ChannelOwner.java:111)
at com.microsoft.playwright.impl.Connection.sendMessage(Connection.java:126)
at com.microsoft.playwright.impl.ChannelOwner.sendMessage(ChannelOwner.java:102)
at com.microsoft.playwright.impl.FrameImpl.navigateImpl(FrameImpl.java:463)
at com.microsoft.playwright.impl.PageImpl.lambda$navigate$45(PageImpl.java:836)
at com.microsoft.playwright.impl.LoggingSupport.withLogging(LoggingSupport.java:47)
at com.microsoft.playwright.impl.ChannelOwner.withLogging(ChannelOwner.java:87)
at com.microsoft.playwright.impl.PageImpl.navigate(PageImpl.java:836)
at com.microsoft.playwright.impl.PageImpl.navigate(PageImpl.java:42)
at com.microsoft.playwright.Page.navigate(Page.java:5282)
at com.playwright.olympia.FileandBarCheck.TC019(FileandBarCheck.java:18)
at java.base/jdk.internal.reflect.NativeMethodAccessorImpl.invoke0(Native Method)
at java.base/jdk.internal.reflect.NativeMethodAccessorImpl.invoke(NativeMethodAccessorImpl.java:64)
at java.base/jdk.internal.reflect.DelegatingMethodAccessorImpl.invoke(DelegatingMethodAccessorImpl.java:43)
at java.base/java.lang.reflect.Method.invoke(Method.java:564)
at org.testng.internal.invokers.MethodInvocationHelper.invokeMethod(MethodInvocationHelper.java:139)
at org.testng.internal.invokers.TestInvoker.invokeMethod(TestInvoker.java:677)
at org.testng.internal.invokers.TestInvoker.invokeTestMethod(TestInvoker.java:221)
at org.testng.internal.invokers.MethodRunner.runInSequence(MethodRunner.java:50)
at org.testng.internal.invokers.TestInvoker$MethodInvocationAgent.invoke(TestInvoker.java:969)
at org.testng.internal.invokers.TestInvoker.invokeTestMethods(TestInvoker.java:194)
at org.testng.internal.invokers.TestMethodWorker.invokeTestMethods(TestMethodWorker.java:148)
at org.testng.internal.invokers.TestMethodWorker.run(TestMethodWorker.java:128)
at java.base/java.util.ArrayList.forEach(ArrayList.java:1511)
at org.testng.TestRunner.privateRun(TestRunner.java:829)
at org.testng.TestRunner.run(TestRunner.java:602)
at org.testng.SuiteRunner.runTest(SuiteRunner.java:437)
at org.testng.SuiteRunner.runSequentially(SuiteRunner.java:431)
at org.testng.SuiteRunner.privateRun(SuiteRunner.java:391)
at org.testng.SuiteRunner.run(SuiteRunner.java:330)
at org.testng.SuiteRunnerWorker.runSuite(SuiteRunnerWorker.java:52)
at org.testng.SuiteRunnerWorker.run(SuiteRunnerWorker.java:95)
at org.testng.TestNG.runSuitesSequentially(TestNG.java:1256)
at org.testng.TestNG.runSuitesLocally(TestNG.java:1176)
at org.testng.TestNG.runSuites(TestNG.java:1099)
at org.testng.TestNG.run(TestNG.java:1067)
at org.testng.remote.AbstractRemoteTestNG.run(AbstractRemoteTestNG.java:115)
at org.testng.remote.RemoteTestNG.initAndRun(RemoteTestNG.java:251)
at org.testng.remote.RemoteTestNG.main(RemoteTestNG.java:77)
Caused by: com.microsoft.playwright.TimeoutError: Error {
  message='Timeout 30000ms exceeded.
=========================== logs ===========================
navigating to "https://www.primefaces.org/olympia-ng/#/uikit/table", waiting until "load"
============================================================
  name='TimeoutError
  stack='TimeoutError: Timeout 30000ms exceeded.
=========================== logs ===========================
navigating to "https://www.primefaces.org/olympia-ng/#/uikit/table", waiting until "load"
============================================================
    at ProgressController.run (C:\Users\soura\AppData\Local\Temp\playwright-java-7961012466287836269\package\lib\server\progress.js:88:26)
    at Frame.goto (C:\Users\soura\AppData\Local\Temp\playwright-java-7961012466287836269\package\lib\server\frames.js:521:23)
    at FrameDispatcher.goto (C:\Users\soura\AppData\Local\Temp\playwright-java-7961012466287836269\package\lib\server\dispatchers\frameDispatcher.js:75:121)
    at DispatcherConnection.dispatch (C:\Users\soura\AppData\Local\Temp\playwright-java-7961012466287836269\package\lib\server\dispatchers\dispatcher.js:312:46)
}
at com.microsoft.playwright.impl.Connection.dispatch(Connection.java:224)
at com.microsoft.playwright.impl.Connection.processOneMessage(Connection.java:206)
at com.microsoft.playwright.impl.ChannelOwner.runUntil(ChannelOwner.java:109)
... 38 more
]]>
            </full-stacktrace>
          </exception> <!-- com.microsoft.playwright.TimeoutError -->
          <reporter-output>
          </reporter-output>
        </test-method> <!-- TC019 -->
        <test-method signature="TC020()[pri:0, instance:com.playwright.olympia.FileandBarCheck@210ab13f]" started-at="2023-08-29T13:57:04 IST" name="TC020" finished-at="2023-08-29T13:57:30 IST" duration-ms="25277" status="PASS">
          <reporter-output>
          </reporter-output>
        </test-method> <!-- TC020 -->
        <test-method signature="TC021()[pri:0, instance:com.playwright.olympia.FileandBarCheck@210ab13f]" started-at="2023-08-29T13:57:30 IST" name="TC021" finished-at="2023-08-29T13:57:41 IST" duration-ms="11075" status="PASS">
          <reporter-output>
          </reporter-output>
        </test-method> <!-- TC021 -->
        <test-method signature="TC022()[pri:0, instance:com.playwright.olympia.FileandBarCheck@210ab13f]" started-at="2023-08-29T13:57:41 IST" name="TC022" finished-at="2023-08-29T13:58:23 IST" duration-ms="42745" status="FAIL">
          <exception class="com.microsoft.playwright.TimeoutError">
            <message>
              <![CDATA[Error {
  message='Timeout 30000ms exceeded.
=========================== logs ===========================
waiting for locator("xpath=//span[normalize-space()='Cancel']")
  locator resolved to <span class="p-button-label ng-star-inserted">Cancel</span>
attempting click action
  waiting for element to be visible, enabled and stable
    element is not enabled - waiting...
============================================================
  name='TimeoutError
  stack='TimeoutError: Timeout 30000ms exceeded.
=========================== logs ===========================
waiting for locator("xpath=//span[normalize-space()='Cancel']")
  locator resolved to <span class="p-button-label ng-star-inserted">Cancel</span>
attempting click action
  waiting for element to be visible, enabled and stable
    element is not enabled - waiting...
============================================================
    at ProgressController.run (C:\Users\soura\AppData\Local\Temp\playwright-java-7961012466287836269\package\lib\server\progress.js:88:26)
    at Frame.click (C:\Users\soura\AppData\Local\Temp\playwright-java-7961012466287836269\package\lib\server\frames.js:998:23)
    at FrameDispatcher.click (C:\Users\soura\AppData\Local\Temp\playwright-java-7961012466287836269\package\lib\server\dispatchers\frameDispatcher.js:151:30)
    at DispatcherConnection.dispatch (C:\Users\soura\AppData\Local\Temp\playwright-java-7961012466287836269\package\lib\server\dispatchers\dispatcher.js:312:46)
}]]>
            </message>
            <full-stacktrace>
              <![CDATA[com.microsoft.playwright.TimeoutError: Error {
  message='Timeout 30000ms exceeded.
=========================== logs ===========================
waiting for locator("xpath=//span[normalize-space()='Cancel']")
  locator resolved to <span class="p-button-label ng-star-inserted">Cancel</span>
attempting click action
  waiting for element to be visible, enabled and stable
    element is not enabled - waiting...
============================================================
  name='TimeoutError
  stack='TimeoutError: Timeout 30000ms exceeded.
=========================== logs ===========================
waiting for locator("xpath=//span[normalize-space()='Cancel']")
  locator resolved to <span class="p-button-label ng-star-inserted">Cancel</span>
attempting click action
  waiting for element to be visible, enabled and stable
    element is not enabled - waiting...
============================================================
    at ProgressController.run (C:\Users\soura\AppData\Local\Temp\playwright-java-7961012466287836269\package\lib\server\progress.js:88:26)
    at Frame.click (C:\Users\soura\AppData\Local\Temp\playwright-java-7961012466287836269\package\lib\server\frames.js:998:23)
    at FrameDispatcher.click (C:\Users\soura\AppData\Local\Temp\playwright-java-7961012466287836269\package\lib\server\dispatchers\frameDispatcher.js:151:30)
    at DispatcherConnection.dispatch (C:\Users\soura\AppData\Local\Temp\playwright-java-7961012466287836269\package\lib\server\dispatchers\dispatcher.js:312:46)
}
at com.microsoft.playwright.impl.WaitableResult.get(WaitableResult.java:52)
at com.microsoft.playwright.impl.ChannelOwner.runUntil(ChannelOwner.java:111)
at com.microsoft.playwright.impl.Connection.sendMessage(Connection.java:126)
at com.microsoft.playwright.impl.ChannelOwner.sendMessage(ChannelOwner.java:102)
at com.microsoft.playwright.impl.FrameImpl.clickImpl(FrameImpl.java:252)
at com.microsoft.playwright.impl.PageImpl.lambda$click$17(PageImpl.java:586)
at com.microsoft.playwright.impl.LoggingSupport.lambda$withLogging$0(LoggingSupport.java:36)
at com.microsoft.playwright.impl.LoggingSupport.withLogging(LoggingSupport.java:47)
at com.microsoft.playwright.impl.ChannelOwner.withLogging(ChannelOwner.java:87)
at com.microsoft.playwright.impl.LoggingSupport.withLogging(LoggingSupport.java:35)
at com.microsoft.playwright.impl.PageImpl.click(PageImpl.java:585)
at com.microsoft.playwright.Page.click(Page.java:3741)
at com.playwrite.pages.OlympiaFileNBarPage.removefile(OlympiaFileNBarPage.java:65)
at com.playwright.olympia.FileandBarCheck.TC022(FileandBarCheck.java:58)
at java.base/jdk.internal.reflect.NativeMethodAccessorImpl.invoke0(Native Method)
at java.base/jdk.internal.reflect.NativeMethodAccessorImpl.invoke(NativeMethodAccessorImpl.java:64)
at java.base/jdk.internal.reflect.DelegatingMethodAccessorImpl.invoke(DelegatingMethodAccessorImpl.java:43)
at java.base/java.lang.reflect.Method.invoke(Method.java:564)
at org.testng.internal.invokers.MethodInvocationHelper.invokeMethod(MethodInvocationHelper.java:139)
at org.testng.internal.invokers.TestInvoker.invokeMethod(TestInvoker.java:677)
at org.testng.internal.invokers.TestInvoker.invokeTestMethod(TestInvoker.java:221)
at org.testng.internal.invokers.MethodRunner.runInSequence(MethodRunner.java:50)
at org.testng.internal.invokers.TestInvoker$MethodInvocationAgent.invoke(TestInvoker.java:969)
at org.testng.internal.invokers.TestInvoker.invokeTestMethods(TestInvoker.java:194)
at org.testng.internal.invokers.TestMethodWorker.invokeTestMethods(TestMethodWorker.java:148)
at org.testng.internal.invokers.TestMethodWorker.run(TestMethodWorker.java:128)
at java.base/java.util.ArrayList.forEach(ArrayList.java:1511)
at org.testng.TestRunner.privateRun(TestRunner.java:829)
at org.testng.TestRunner.run(TestRunner.java:602)
at org.testng.SuiteRunner.runTest(SuiteRunner.java:437)
at org.testng.SuiteRunner.runSequentially(SuiteRunner.java:431)
at org.testng.SuiteRunner.privateRun(SuiteRunner.java:391)
at org.testng.SuiteRunner.run(SuiteRunner.java:330)
at org.testng.SuiteRunnerWorker.runSuite(SuiteRunnerWorker.java:52)
at org.testng.SuiteRunnerWorker.run(SuiteRunnerWorker.java:95)
at org.testng.TestNG.runSuitesSequentially(TestNG.java:1256)
at org.testng.TestNG.runSuitesLocally(TestNG.java:1176)
at org.testng.TestNG.runSuites(TestNG.java:1099)
at org.testng.TestNG.run(TestNG.java:1067)
at org.testng.remote.AbstractRemoteTestNG.run(AbstractRemoteTestNG.java:115)
at org.testng.remote.RemoteTestNG.initAndRun(RemoteTestNG.java:251)
at org.testng.remote.RemoteTestNG.main(RemoteTestNG.java:77)
Caused by: com.microsoft.playwright.TimeoutError: Error {
  message='Timeout 30000ms exceeded.
=========================== logs ===========================
waiting for locator("xpath=//span[normalize-space()='Cancel']")
  locator resolved to <span class="p-button-label ng-star-inserted">Cancel</span>
attempting click action
  waiting for element to be visible, enabled and stable
    element is not enabled - waiting...
============================================================
  name='TimeoutError
  stack='TimeoutError: Timeout 30000ms exceeded.
=========================== logs ===========================
waiting for locator("xpath=//span[normalize-space()='Cancel']")
  locator resolved to <span class="p-button-label ng-star-inserted">Cancel</span>
attempting click action
  waiting for element to be visible, enabled and stable
    element is not enabled - waiting...
============================================================
    at ProgressController.run (C:\Users\soura\AppData\Local\Temp\playwright-java-7961012466287836269\package\lib\server\progress.js:88:26)
    at Frame.click (C:\Users\soura\AppData\Local\Temp\playwright-java-7961012466287836269\package\lib\server\frames.js:998:23)
    at FrameDispatcher.click (C:\Users\soura\AppData\Local\Temp\playwright-java-7961012466287836269\package\lib\server\dispatchers\frameDispatcher.js:151:30)
    at DispatcherConnection.dispatch (C:\Users\soura\AppData\Local\Temp\playwright-java-7961012466287836269\package\lib\server\dispatchers\dispatcher.js:312:46)
}
at com.microsoft.playwright.impl.Connection.dispatch(Connection.java:224)
at com.microsoft.playwright.impl.Connection.processOneMessage(Connection.java:206)
at com.microsoft.playwright.impl.ChannelOwner.runUntil(ChannelOwner.java:109)
... 40 more
]]>
            </full-stacktrace>
          </exception> <!-- com.microsoft.playwright.TimeoutError -->
          <reporter-output>
          </reporter-output>
        </test-method> <!-- TC022 -->
        <test-method is-config="true" signature="tearDown()[pri:0, instance:com.playwright.olympia.FileandBarCheck@210ab13f]" started-at="2023-08-29T13:59:21 IST" name="tearDown" finished-at="2023-08-29T13:59:28 IST" duration-ms="6755" status="PASS">
          <reporter-output>
          </reporter-output>
        </test-method> <!-- tearDown -->
      </class> <!-- com.playwright.olympia.FileandBarCheck -->
    </test> <!-- Test -->
  </suite> <!-- Suite -->
</testng-results>
