<?xml version="1.0" encoding="UTF-8"?>
<!-- Generated by org.testng.reporters.JUnitXMLReporter -->
<testsuite ignored="8" hostname="LAPTOP-2D0MJJ4C" failures="1" tests="12" name="Test" time="82.822" errors="0" timestamp="2023-09-03T14:00:29 IST">
  <testcase classname="com.playwright.olympia.FileandBarCheck" name="TC019" time="5.799"/>
  <testcase classname="com.playwright.olympia.FileandBarCheck" name="TC020" time="1.078"/>
  <testcase classname="com.playwright.olympia.FileandBarCheck" name="TC021" time="1.016"/>
  <testcase classname="com.playwright.olympia.FileandBarCheck" name="TC022" time="33.831">
    <failure type="com.microsoft.playwright.TimeoutError" message="Error {
  message=&amp;apos;Timeout 30000ms exceeded.
=========================== logs ===========================
waiting for locator(&amp;quot;xpath=//span[normalize-space()=&amp;apos;Cancel&amp;apos;]&amp;quot;)
  locator resolved to &amp;lt;span class=&amp;quot;p-button-label ng-star-inserted&amp;quot;&amp;gt;Cancel&amp;lt;/span&amp;gt;
attempting click action
  waiting for element to be visible, enabled and stable
    element is not enabled - waiting...
============================================================
  name=&amp;apos;TimeoutError
  stack=&amp;apos;TimeoutError: Timeout 30000ms exceeded.
=========================== logs ===========================
waiting for locator(&amp;quot;xpath=//span[normalize-space()=&amp;apos;Cancel&amp;apos;]&amp;quot;)
  locator resolved to &amp;lt;span class=&amp;quot;p-button-label ng-star-inserted&amp;quot;&amp;gt;Cancel&amp;lt;/span&amp;gt;
attempting click action
  waiting for element to be visible, enabled and stable
    element is not enabled - waiting...
============================================================
    at ProgressController.run (C:\Users\soura\AppData\Local\Temp\playwright-java-12682050393322992533\package\lib\server\progress.js:88:26)
    at Frame.click (C:\Users\soura\AppData\Local\Temp\playwright-java-12682050393322992533\package\lib\server\frames.js:998:23)
    at FrameDispatcher.click (C:\Users\soura\AppData\Local\Temp\playwright-java-12682050393322992533\package\lib\server\dispatchers\frameDispatcher.js:151:30)
    at DispatcherConnection.dispatch (C:\Users\soura\AppData\Local\Temp\playwright-java-12682050393322992533\package\lib\server\dispatchers\dispatcher.js:312:46)
}">
      <![CDATA[com.microsoft.playwright.TimeoutError: Error {
  message='Timeout 30000ms exceeded.
=========================== logs ===========================
waiting for locator("xpath=//span[normalize-space()='Cancel']")
  locator resolved to <span class="p-button-label ng-star-inserted">Cancel</span>
attempting click action
  waiting for element to be visible, enabled and stable
    element is not enabled - waiting...
============================================================
  name='TimeoutError
  stack='TimeoutError: Timeout 30000ms exceeded.
=========================== logs ===========================
waiting for locator("xpath=//span[normalize-space()='Cancel']")
  locator resolved to <span class="p-button-label ng-star-inserted">Cancel</span>
attempting click action
  waiting for element to be visible, enabled and stable
    element is not enabled - waiting...
============================================================
    at ProgressController.run (C:\Users\soura\AppData\Local\Temp\playwright-java-12682050393322992533\package\lib\server\progress.js:88:26)
    at Frame.click (C:\Users\soura\AppData\Local\Temp\playwright-java-12682050393322992533\package\lib\server\frames.js:998:23)
    at FrameDispatcher.click (C:\Users\soura\AppData\Local\Temp\playwright-java-12682050393322992533\package\lib\server\dispatchers\frameDispatcher.js:151:30)
    at DispatcherConnection.dispatch (C:\Users\soura\AppData\Local\Temp\playwright-java-12682050393322992533\package\lib\server\dispatchers\dispatcher.js:312:46)
}
at com.microsoft.playwright.impl.WaitableResult.get(WaitableResult.java:52)
at com.microsoft.playwright.impl.ChannelOwner.runUntil(ChannelOwner.java:111)
at com.microsoft.playwright.impl.Connection.sendMessage(Connection.java:126)
at com.microsoft.playwright.impl.ChannelOwner.sendMessage(ChannelOwner.java:102)
at com.microsoft.playwright.impl.FrameImpl.clickImpl(FrameImpl.java:252)
at com.microsoft.playwright.impl.PageImpl.lambda$click$17(PageImpl.java:586)
at com.microsoft.playwright.impl.LoggingSupport.lambda$withLogging$0(LoggingSupport.java:36)
at com.microsoft.playwright.impl.LoggingSupport.withLogging(LoggingSupport.java:47)
at com.microsoft.playwright.impl.ChannelOwner.withLogging(ChannelOwner.java:87)
at com.microsoft.playwright.impl.LoggingSupport.withLogging(LoggingSupport.java:35)
at com.microsoft.playwright.impl.PageImpl.click(PageImpl.java:585)
at com.microsoft.playwright.Page.click(Page.java:3741)
at com.playwrite.pages.OlympiaFileNBarPage.removefile(OlympiaFileNBarPage.java:65)
at com.playwright.olympia.FileandBarCheck.TC022(FileandBarCheck.java:58)
at java.base/java.util.ArrayList.forEach(ArrayList.java:1511)
Caused by: com.microsoft.playwright.TimeoutError: Error {
  message='Timeout 30000ms exceeded.
=========================== logs ===========================
waiting for locator("xpath=//span[normalize-space()='Cancel']")
  locator resolved to <span class="p-button-label ng-star-inserted">Cancel</span>
attempting click action
  waiting for element to be visible, enabled and stable
    element is not enabled - waiting...
============================================================
  name='TimeoutError
  stack='TimeoutError: Timeout 30000ms exceeded.
=========================== logs ===========================
waiting for locator("xpath=//span[normalize-space()='Cancel']")
  locator resolved to <span class="p-button-label ng-star-inserted">Cancel</span>
attempting click action
  waiting for element to be visible, enabled and stable
    element is not enabled - waiting...
============================================================
    at ProgressController.run (C:\Users\soura\AppData\Local\Temp\playwright-java-12682050393322992533\package\lib\server\progress.js:88:26)
    at Frame.click (C:\Users\soura\AppData\Local\Temp\playwright-java-12682050393322992533\package\lib\server\frames.js:998:23)
    at FrameDispatcher.click (C:\Users\soura\AppData\Local\Temp\playwright-java-12682050393322992533\package\lib\server\dispatchers\frameDispatcher.js:151:30)
    at DispatcherConnection.dispatch (C:\Users\soura\AppData\Local\Temp\playwright-java-12682050393322992533\package\lib\server\dispatchers\dispatcher.js:312:46)
}
at com.microsoft.playwright.impl.Connection.dispatch(Connection.java:224)
at com.microsoft.playwright.impl.Connection.processOneMessage(Connection.java:206)
at com.microsoft.playwright.impl.ChannelOwner.runUntil(ChannelOwner.java:109)
... 40 more
... Removed 27 stack frames]]>
    </failure>
  </testcase> <!-- TC022 -->
  <testcase classname="com.playwright.olympia.ListSelection" name="TC011" time="1.121"/>
  <testcase classname="com.playwright.olympia.ListSelection" name="TC012" time="2.024"/>
  <testcase classname="com.playwright.olympia.ListSelection" name="TC013" time="1.841"/>
  <testcase classname="com.playwright.olympia.ListSelection" name="TC014" time="2.635"/>
  <testcase classname="com.playwright.olympia.ListSelection" name="TC015" time="2.707"/>
  <testcase classname="com.playwright.olympia.MenuCheck" name="TC018" time="3.03"/>
  <testcase classname="com.playwright.olympia.Webtables" name="TC010" time="2.162"/>
  <testcase classname="com.playwright.olympia.ProductCreation" name="TC017" time="7.525"/>
  <testcase classname="com.playwrite.base.TestBase" name="@BeforeTest initializeTest" time="0.0">
    <ignored/>
  </testcase> <!-- @BeforeTest initializeTest -->
  <testcase classname="com.playwrite.base.TestBase" name="@BeforeTest initializeTest" time="0.0">
    <ignored/>
  </testcase> <!-- @BeforeTest initializeTest -->
  <testcase classname="com.playwrite.base.TestBase" name="@AfterTest tearDown" time="0.0">
    <ignored/>
  </testcase> <!-- @AfterTest tearDown -->
  <testcase classname="com.playwrite.base.TestBase" name="@AfterTest tearDown" time="0.0">
    <ignored/>
  </testcase> <!-- @AfterTest tearDown -->
  <testcase classname="com.playwrite.base.TestBase" name="@AfterTest tearDown" time="0.0">
    <ignored/>
  </testcase> <!-- @AfterTest tearDown -->
  <testcase classname="com.playwrite.base.TestBase" name="@BeforeTest initializeTest" time="0.0">
    <ignored/>
  </testcase> <!-- @BeforeTest initializeTest -->
  <testcase classname="com.playwrite.base.TestBase" name="@AfterTest tearDown" time="0.0">
    <ignored/>
  </testcase> <!-- @AfterTest tearDown -->
  <testcase classname="com.playwrite.base.TestBase" name="@BeforeTest initializeTest" time="0.0">
    <ignored/>
  </testcase> <!-- @BeforeTest initializeTest -->
</testsuite> <!-- Test -->
