<?xml version="1.0" encoding="UTF-8"?>
<!-- Generated by org.testng.reporters.JUnitXMLReporter -->
<testsuite ignored="1" hostname="LAPTOP-2D0MJJ4C" failures="0" tests="3" name="Test" time="15.611" errors="0" timestamp="2023-09-03T14:19:40 IST">
  <testcase classname="com.playwright.olympia.FileandBarCheck" name="TC019" time="6.211"/>
  <testcase classname="com.playwright.olympia.FileandBarCheck" name="TC020" time="1.108"/>
  <testcase classname="com.playwright.olympia.FileandBarCheck" name="TC021" time="1.004"/>
  <testcase classname="com.playwright.olympia.FileandBarCheck" name="TC022" time="0.0">
    <ignored/>
  </testcase> <!-- TC022 -->
</testsuite> <!-- Test -->
